[ERROR] 2017-02-14 16:36:04 [mysqlserver] [./log/tprint.lua:23] push db to pool fail
[INFO] 2017-02-14 16:36:04 [mysqlserver] [./log/tprint.lua:16] push db to pool count15
[ERROR] 2017-02-14 16:36:04 [redisserver] [./log/tprint.lua:23] push redisdb to pool fail
[INFO] 2017-02-14 16:36:04 [redisserver] [./log/tprint.lua:16] push db to pool count15
[INFO] 2017-02-14 16:36:04 [mysqlserver] [./log/tprint.lua:16] get db success
[INFO] 2017-02-14 16:36:04 [mysqlserver] [./log/tprint.lua:16] what is :
[ERROR] 2017-02-14 16:37:31 [mysqlserver] [./log/tprint.lua:23] push db to pool fail
[INFO] 2017-02-14 16:37:31 [mysqlserver] [./log/tprint.lua:16] push db to pool count15
[ERROR] 2017-02-14 16:37:31 [redisserver] [./log/tprint.lua:23] push redisdb to pool fail
[INFO] 2017-02-14 16:37:31 [redisserver] [./log/tprint.lua:16] push db to pool count15
[INFO] 2017-02-14 16:37:31 [mysqlserver] [./log/tprint.lua:16] get db success
[INFO] 2017-02-14 16:37:31 [mysqlserver] [./log/tprint.lua:16] what is :
[INFO] 2017-02-14 16:37:31 [redisserver] [./log/tprint.lua:16] get db success
[ERROR] 2017-02-14 16:38:58 [mysqlserver] [./log/tprint.lua:23] push db to pool fail
[INFO] 2017-02-14 16:38:58 [mysqlserver] [./log/tprint.lua:16] push db to pool count15
[ERROR] 2017-02-14 16:38:58 [redisserver] [./log/tprint.lua:23] push redisdb to pool fail
[INFO] 2017-02-14 16:38:58 [redisserver] [./log/tprint.lua:16] push db to pool count15
[INFO] 2017-02-14 16:38:58 [mysqlserver] [./log/tprint.lua:16] get db success
[INFO] 2017-02-14 16:38:58 [mysqlserver] [./log/tprint.lua:16] what is :
[INFO] 2017-02-14 16:38:58 [redisserver] [./log/tprint.lua:16] get db success
[INFO] 2017-02-14 16:38:58 [redisserver] [./log/tprint.lua:16] get db success
[INFO] 2017-02-14 16:38:58 [redisserver] [./log/tprint.lua:16] get db success
[INFO] 2017-02-14 16:38:58 [redisserver] [./log/tprint.lua:16] get db success
[ERROR] 2017-02-14 16:39:41 [mysqlserver] [./log/tprint.lua:23] push db to pool fail
[INFO] 2017-02-14 16:39:41 [mysqlserver] [./log/tprint.lua:16] push db to pool count15
[ERROR] 2017-02-14 16:39:42 [redisserver] [./log/tprint.lua:23] push redisdb to pool fail
[INFO] 2017-02-14 16:39:42 [redisserver] [./log/tprint.lua:16] push db to pool count15
[INFO] 2017-02-14 16:39:42 [mysqlserver] [./log/tprint.lua:16] get db success
[INFO] 2017-02-14 16:39:42 [mysqlserver] [./log/tprint.lua:16] what is :
[INFO] 2017-02-14 16:39:42 [redisserver] [./log/tprint.lua:16] get db success
[INFO] 2017-02-14 16:39:42 [redisserver] [./log/tprint.lua:16] get db success
[INFO] 2017-02-14 16:39:42 [redisserver] [./log/tprint.lua:16] get db success
[INFO] 2017-02-14 16:39:42 [redisserver] [./log/tprint.lua:16] get db success
[ERROR] 2017-02-14 16:41:08 [mysqlserver] [./log/tprint.lua:23] push db to pool fail
[INFO] 2017-02-14 16:41:08 [mysqlserver] [./log/tprint.lua:16] push db to pool count15
[ERROR] 2017-02-14 16:41:08 [redisserver] [./log/tprint.lua:23] push redisdb to pool fail
[INFO] 2017-02-14 16:41:08 [redisserver] [./log/tprint.lua:16] push db to pool count15
[INFO] 2017-02-14 16:41:08 [mysqlserver] [./log/tprint.lua:16] get db success
[INFO] 2017-02-14 16:41:08 [mysqlserver] [./log/tprint.lua:16] what is :
[INFO] 2017-02-14 16:41:08 [redisserver] [./log/tprint.lua:16] get db success
[INFO] 2017-02-14 16:41:08 [redisserver] [./log/tprint.lua:16] get db success
[INFO] 2017-02-14 16:41:08 [redisserver] [./log/tprint.lua:16] get db success
[INFO] 2017-02-14 16:41:08 [redisserver] [./log/tprint.lua:16] get db success
[ERROR] 2017-02-14 17:11:20 [mysqlserver] [./log/tprint.lua:23] push db to pool fail
[INFO] 2017-02-14 17:11:20 [mysqlserver] [./log/tprint.lua:16] push db to pool count15
[ERROR] 2017-02-14 17:11:20 [redisserver] [./log/tprint.lua:23] push redisdb to pool fail
[INFO] 2017-02-14 17:11:20 [redisserver] [./log/tprint.lua:16] push db to pool count15
[INFO] 2017-02-14 17:11:20 [mysqlserver] [./log/tprint.lua:16] get db success
[INFO] 2017-02-14 17:11:20 [mysqlserver] [./log/tprint.lua:16] what is :
[INFO] 2017-02-14 17:11:20 [redisserver] [./log/tprint.lua:16] get db success
[INFO] 2017-02-14 17:11:20 [redisserver] [./log/tprint.lua:16] get db success
[INFO] 2017-02-14 17:11:20 [redisserver] [./log/tprint.lua:16] get db success
[INFO] 2017-02-14 17:11:20 [redisserver] [./log/tprint.lua:16] get db success
[INFO] 2017-02-14 17:11:20 [redisserver] [./log/tprint.lua:16] get db success
[ERROR] 2017-02-14 17:11:56 [mysqlserver] [./log/tprint.lua:23] push db to pool fail
[INFO] 2017-02-14 17:11:56 [mysqlserver] [./log/tprint.lua:16] push db to pool count15
[ERROR] 2017-02-14 17:11:56 [redisserver] [./log/tprint.lua:23] push redisdb to pool fail
[INFO] 2017-02-14 17:11:56 [redisserver] [./log/tprint.lua:16] push db to pool count15
[INFO] 2017-02-14 17:11:56 [mysqlserver] [./log/tprint.lua:16] get db success
[INFO] 2017-02-14 17:11:56 [mysqlserver] [./log/tprint.lua:16] what is :
[INFO] 2017-02-14 17:11:56 [redisserver] [./log/tprint.lua:16] get db success
[INFO] 2017-02-14 17:11:56 [redisserver] [./log/tprint.lua:16] get db success
[INFO] 2017-02-14 17:11:56 [redisserver] [./log/tprint.lua:16] get db success
[INFO] 2017-02-14 17:11:56 [redisserver] [./log/tprint.lua:16] get db success
[INFO] 2017-02-14 17:11:56 [redisserver] [./log/tprint.lua:16] get db success
